  stdafx.cpp
  Detector.cpp
  FeatureExtractor.cpp
FeatureExtractor.cpp(118): warning C4018: '<': signed/unsigned mismatch
  ImageMatcher.cpp
  Matcher.cpp
Matcher.cpp(141): warning C4018: '<': signed/unsigned mismatch
Matcher.cpp(160): warning C4244: 'argument': conversion from 'int' to 'float', possible loss of data
Matcher.cpp(161): warning C4244: 'argument': conversion from 'int' to 'float', possible loss of data
Matcher.cpp(162): warning C4244: 'argument': conversion from 'int' to 'float', possible loss of data
Matcher.cpp(163): warning C4244: 'argument': conversion from 'int' to 'float', possible loss of data
Matcher.cpp(193): warning C4244: 'argument': conversion from 'int' to 'float', possible loss of data
Matcher.cpp(194): warning C4244: 'argument': conversion from 'int' to 'float', possible loss of data
Matcher.cpp(195): warning C4244: 'argument': conversion from 'int' to 'float', possible loss of data
Matcher.cpp(196): warning C4244: 'argument': conversion from 'int' to 'float', possible loss of data
  MatchResult.cpp
  Subject.cpp
  dllmain.cpp
     Creating library C:\Users\Miguel\Documents\Git\ImageMatcher\Release\ImageMatcher.lib and object C:\Users\Miguel\Documents\Git\ImageMatcher\Release\ImageMatcher.exp
  Generating code
  All 653 functions were compiled because no usable IPDB/IOBJ from previous compilation was found.
  Finished generating code
  ImageMatcher.vcxproj -> C:\Users\Miguel\Documents\Git\ImageMatcher\Release\ImageMatcher.dll
  ImageMatcher.vcxproj -> C:\Users\Miguel\Documents\Git\ImageMatcher\Release\ImageMatcher.pdb (Full PDB)
