c:\users\miguel\documents\git\imagematcher\imagematcher\release\imagematcher.pch
c:\users\miguel\documents\git\imagematcher\imagematcher\release\vc140.pdb
c:\users\miguel\documents\git\imagematcher\imagematcher\release\stdafx.obj
c:\users\miguel\documents\git\imagematcher\imagematcher\release\subject.obj
c:\users\miguel\documents\git\imagematcher\imagematcher\release\matcher.obj
c:\users\miguel\documents\git\imagematcher\imagematcher\release\imagematcher.obj
c:\users\miguel\documents\git\imagematcher\imagematcher\release\featureextractor.obj
c:\users\miguel\documents\git\imagematcher\imagematcher\release\detector.obj
c:\users\miguel\documents\git\imagematcher\imagematcher\release\dllmain.obj
c:\users\miguel\documents\git\imagematcher\release\imagematcher.lib
c:\users\miguel\documents\git\imagematcher\release\imagematcher.exp
c:\users\miguel\documents\git\imagematcher\release\imagematcher.dll
c:\users\miguel\documents\git\imagematcher\release\imagematcher.ipdb
c:\users\miguel\documents\git\imagematcher\release\imagematcher.iobj
c:\users\miguel\documents\git\imagematcher\release\imagematcher.pdb
c:\users\miguel\documents\git\imagematcher\imagematcher\release\imagematcher.tlog\cl.command.1.tlog
c:\users\miguel\documents\git\imagematcher\imagematcher\release\imagematcher.tlog\cl.read.1.tlog
c:\users\miguel\documents\git\imagematcher\imagematcher\release\imagematcher.tlog\cl.write.1.tlog
c:\users\miguel\documents\git\imagematcher\imagematcher\release\imagematcher.tlog\imagematcher.write.1u.tlog
c:\users\miguel\documents\git\imagematcher\imagematcher\release\imagematcher.tlog\link.command.1.tlog
c:\users\miguel\documents\git\imagematcher\imagematcher\release\imagematcher.tlog\link.read.1.tlog
c:\users\miguel\documents\git\imagematcher\imagematcher\release\imagematcher.tlog\link.write.1.tlog
